=== calibrate_tuned: new-core wisdom generator ===
output : C:\Users\Tugbars\Desktop\highSpeedFFT\build_tuned\vfft_wisdom_tuned.txt
info   : C:\Users\Tugbars\Desktop\highSpeedFFT\build_tuned\vfft_wisdom_tuned_codelets.csv
pacing : 1000 ms between cells
mode   : measure (DP + variant cartesian)
cells  : 7 selected (full grid bypassed)
loaded : 60 existing entries from C:\Users\Tugbars\Desktop\highSpeedFFT\build_tuned\vfft_wisdom_tuned.txt
[ 1/ 7] N=625   K=4   method=dp+measure+blk factors=25x25  codelets=n1/log3  BLOCKED@split=1,bg=7  best=2469.2 ns  (67 variants searched)  err=4.70e-16 
[ 2/ 7] N=1000  K=4   method=dp+measure     factors=5x8x25  codelets=n1/t1s/log3  best=4981.1 ns  (387 variants searched)  err=5.37e-16 
[ 3/ 7] N=1024  K=4   method=dp+measure     factors=4x16x16  codelets=n1/flat/flat  DIF  best=5629.1 ns  (560 variants searched)  err=2.78e-16 
[ 4/ 7] N=1225  K=4   method=dp+measure+blk factors=25x7x7  codelets=n1/t1s/log3  BLOCKED@split=2,bg=27  best=7232.6 ns  (99 variants searched)  err=4.88e-16 
[ 5/ 7] N=1331  K=4   method=dp+measure     factors=11x11x11  codelets=n1/t1s/t1s  best=10765.2 ns  (11 variants searched)  err=3.75e-16 
[ 6/ 7] N=2000  K=4   method=dp+measure     factors=5x16x25  codelets=n1/t1s/log3  best=11376.6 ns  (839 variants searched)  err=5.05e-16 
[ 7/ 7] N=2048  K=4   method=dp+measure     factors=4x16x32  codelets=n1/flat/flat  DIF  best=12827.9 ns  (750 variants searched)  err=3.89e-16 
===
wrote 60 entries to C:\Users\Tugbars\Desktop\highSpeedFFT\build_tuned\vfft_wisdom_tuned.txt
wrote per-cell codelet info to C:\Users\Tugbars\Desktop\highSpeedFFT\build_tuned\vfft_wisdom_tuned_codelets.csv
done.
============================================================
 new-core calibration: A/B wisdom generator
============================================================
[powercfg] active power plan name matches 'ultimate performance' (non-canonical GUID, accepted by name) — user-managed (--no-powercfg)
[affinity] orchestrator pinned to CPU 2 (mask 0x4); children inherit
[run] C:\Users\Tugbars\Desktop\highSpeedFFT\build_tuned\calibrate_tuned.exe C:\Users\Tugbars\Desktop\highSpeedFFT\build_tuned\vfft_wisdom_tuned.txt C:\Users\Tugbars\Desktop\highSpeedFFT\build_tuned\vfft_wisdom_tuned_codelets.csv 1000 measure 1024:4,2048:4,1000:4,2000:4,625:4,1331:4,1225:4
[run] exit 0  elapsed 103.5s
