=== calibrate_tuned: new-core wisdom generator ===
output : C:\Users\Tugbars\Desktop\highSpeedFFT\build_tuned\vfft_wisdom_tuned.txt
info   : C:\Users\Tugbars\Desktop\highSpeedFFT\build_tuned\vfft_wisdom_tuned_codelets.csv
pacing : 1000 ms between cells
mode   : measure (DP + variant cartesian)
[ 1/40] N=64    K=4   method=dp+measure factors=64  codelets=n1  DIF  best=131.1 ns  (84 variants searched)  err=1.73e-16 
[ 2/40] N=128   K=4   method=dp+measure factors=4x32  codelets=n1/log3  DIF  best=307.7 ns  (138 variants searched)  err=2.91e-16 
[ 3/40] N=256   K=4   method=dp+measure factors=32x8  codelets=n1/log3  best=655.1 ns  (218 variants searched)  err=3.33e-16 
[ 4/40] N=512   K=4   method=dp+measure factors=8x64  codelets=n1/log3  best=1616.4 ns  (352 variants searched)  err=4.16e-16 
[ 5/40] N=1024  K=4   method=dp+measure factors=4x8x32  codelets=n1/t1s/log3  best=5736.9 ns  (560 variants searched)  err=4.44e-16 
[ 6/40] N=2048  K=4   method=dp+measure factors=4x8x64  codelets=n1/t1s/log3  best=11884.4 ns  (750 variants searched)  err=5.00e-16 
[ 7/40] N=4096  K=4   method=dp+measure factors=2x32x64  codelets=n1/buf/log3  best=30285.2 ns  (142 variants searched)  err=6.66e-16 
[ 8/40] N=8192  K=4   method=dp+measure factors=4x32x64  codelets=n1/buf/log3  best=63136.7 ns  (170 variants searched)  err=6.66e-16 
[ 9/40] N=16384 K=4   method=dp+measure factors=2x4x4x4x4x32  codelets=n1/flat/flat/flat/flat/flat  DIF  best=133245.0 ns  (980 variants searched)  err=5.55e-16 
[10/40] N=32768 K=4   method=dp+measure factors=64x8x64  codelets=n1/t1s/log3  best=399095.0 ns  (184 variants searched)  err=7.22e-16 
============================================================
 new-core calibration: A/B wisdom generator
============================================================
[powercfg] active power plan name matches 'ultimate performance' (non-canonical GUID, accepted by name) — user-managed (--no-powercfg)
[affinity] orchestrator pinned to CPU 2 (mask 0x4); children inherit
[run] C:\Users\Tugbars\Desktop\highSpeedFFT\build_tuned\calibrate_tuned.exe C:\Users\Tugbars\Desktop\highSpeedFFT\build_tuned\vfft_wisdom_tuned.txt C:\Users\Tugbars\Desktop\highSpeedFFT\build_tuned\vfft_wisdom_tuned_codelets.csv 1000 measure
[run] exit 4294967295  elapsed 144.8s
