=== calibrate_tuned: new-core wisdom generator ===
output : C:\Users\Tugbars\Desktop\highSpeedFFT\build_tuned\vfft_wisdom_tuned.txt
info   : C:\Users\Tugbars\Desktop\highSpeedFFT\build_tuned\vfft_wisdom_tuned_codelets.csv
pacing : 1000 ms between cells
mode   : measure (DP + variant cartesian)
loaded : 60 existing entries from C:\Users\Tugbars\Desktop\highSpeedFFT\build_tuned\vfft_wisdom_tuned.txt
[ 1/183] N=8     K=4   method=dp+measure     factors=8  codelets=n1  best=9.8 ns  (18 variants searched)  err=1.11e-16 
[ 2/183] N=16    K=4   method=dp+measure     factors=16  codelets=n1  best=16.2 ns  (32 variants searched)  err=1.11e-16 
[ 3/183] N=32    K=4   method=dp+measure     factors=32  codelets=n1  DIF  best=35.2 ns  (50 variants searched)  err=1.80e-16 
[ 4/183] N=60    K=4   method=dp+measure     factors=12x5  codelets=n1/log3  best=129.2 ns  (87 variants searched)  err=2.36e-16 
[ 5/183] N=64    K=4   method=dp+measure     factors=64  codelets=n1  DIF  best=92.8 ns  (84 variants searched)  err=1.73e-16 
[ 6/183] N=100   K=4   method=dp+measure     factors=20x5  codelets=n1/log3  best=235.3 ns  (61 variants searched)  err=3.28e-16 
  N=127 K=4: MEASURE failed
[ 8/183] N=128   K=4   method=dp+measure     factors=16x8  codelets=n1/log3  best=283.9 ns  (138 variants searched)  err=3.33e-16 
[ 9/183] N=175   K=4   method=dp+measure     factors=7x25  codelets=n1/log3  best=523.1 ns  (43 variants searched)  err=4.56e-16 
[10/183] N=200   K=4   method=dp+measure     factors=20x10  codelets=n1/t1s  best=574.6 ns  (153 variants searched)  err=2.72e-16 
[11/183] N=243   K=4   method=dp+measure     factors=3x3x3x3x3  codelets=n1/t1s/t1s/t1s/t1s  best=1703.6 ns  (83 variants searched)  err=7.76e-16 
  N=251 K=4: MEASURE failed
[13/183] N=256   K=4   method=dp+measure     factors=16x16  codelets=n1/log3  best=631.7 ns  (218 variants searched)  err=3.33e-16 
  N=257 K=4: MEASURE failed
  N=401 K=4: MEASURE failed
[16/183] N=500   K=4   method=dp+measure     factors=20x25  codelets=n1/log3  best=1577.8 ns  (149 variants searched)  err=4.71e-16 
============================================================
 new-core calibration: A/B wisdom generator
============================================================
[powercfg] active power plan name matches 'ultimate performance' (non-canonical GUID, accepted by name) — user-managed (--no-powercfg)
[affinity] orchestrator pinned to CPU 2 (mask 0x4); children inherit
[run] C:\Users\Tugbars\Desktop\highSpeedFFT\build_tuned\calibrate_tuned.exe C:\Users\Tugbars\Desktop\highSpeedFFT\build_tuned\vfft_wisdom_tuned.txt C:\Users\Tugbars\Desktop\highSpeedFFT\build_tuned\vfft_wisdom_tuned_codelets.csv 1000 measure
[run] exit 4294967295  elapsed 66.9s
