=== calibrate_tuned: new-core wisdom generator ===
output : C:\Users\Tugbars\Desktop\highSpeedFFT\build_tuned\vfft_wisdom_tuned.txt
info   : C:\Users\Tugbars\Desktop\highSpeedFFT\build_tuned\vfft_wisdom_tuned_codelets.csv
pacing : 1000 ms between cells
mode   : measure (DP + variant cartesian)
[ 1/183] N=8     K=4   method=dp+measure factors=8  codelets=n1  DIF  best=9.9 ns  (18 variants searched)  err=1.11e-16 
[ 2/183] N=16    K=4   method=dp+measure factors=16  codelets=n1  best=17.1 ns  (32 variants searched)  err=1.11e-16 
[ 3/183] N=32    K=4   method=dp+measure factors=32  codelets=n1  DIF  best=35.7 ns  (50 variants searched)  err=1.80e-16 
[ 4/183] N=64    K=4   method=dp+measure factors=64  codelets=n1  best=94.8 ns  (84 variants searched)  err=1.73e-16 
[ 5/183] N=128   K=4   method=dp+measure factors=32x4  codelets=n1/log3  best=267.5 ns  (138 variants searched)  err=2.78e-16 
[ 6/183] N=256   K=4   method=dp+measure factors=32x8  codelets=n1/log3  best=608.1 ns  (218 variants searched)  err=3.33e-16 
[ 7/183] N=512   K=4   method=dp+measure factors=32x16  codelets=n1/t1s  best=1376.6 ns  (352 variants searched)  err=3.89e-16 
[ 8/183] N=1024  K=4   method=dp+measure factors=4x4x64  codelets=n1/flat/log3  DIF  best=4399.6 ns  (560 variants searched)  err=3.89e-16 
[ 9/183] N=2048  K=4   method=dp+measure factors=4x16x32  codelets=n1/flat/log3  DIF  best=9350.8 ns  (750 variants searched)  err=3.89e-16 
[10/183] N=4096  K=4   method=dp+measure factors=4x4x4x64  codelets=n1/flat/flat/log3  DIF  best=23104.9 ns  (579 variants searched)  err=3.89e-16 
[11/183] N=8192  K=4   method=dp+measure factors=4x4x4x4x32  codelets=n1/flat/flat/flat/flat  DIF  best=55383.3 ns  (719 variants searched)  err=4.44e-16 
[12/183] N=16384 K=4   method=dp+measure factors=4x4x4x4x64  codelets=n1/flat/flat/flat/flat  DIF  best=122470.0 ns  (1399 variants searched)  err=5.00e-16 
[13/183] N=32768 K=4   method=dp+measure factors=4x4x4x4x4x32  codelets=n1/t1s/t1s/t1s/t1s/t1s  best=312220.0 ns  (3232 variants searched)  err=5.93e-16 
[14/183] N=65536 K=4   method=dp+measure factors=4x4x4x4x4x4x16  codelets=n1/t1s/t1s/t1s/t1s/t1s/t1s  best=719170.0 ns  (4528 variants searched)  err=5.83e-16 
[15/183] N=131072 K=4   method=dp+measure factors=4x4x4x4x8x4x4x4  codelets=n1/t1s/t1s/t1s/t1s/t1s/t1s/t1s  best=1662345.0 ns  (10913 variants searched)  err=6.66e-16 
[16/183] N=60    K=4   method=dp+measure factors=12x5  codelets=n1/log3  best=130.1 ns  (87 variants searched)  err=2.36e-16 
[17/183] N=100   K=4   method=dp+measure factors=25x4  codelets=n1/log3  best=233.1 ns  (61 variants searched)  err=3.09e-16 
[18/183] N=200   K=4   method=dp+measure factors=25x8  codelets=n1/log3  best=526.6 ns  (153 variants searched)  err=2.95e-16 
[19/183] N=500   K=4   method=dp+measure factors=20x25  codelets=n1/log3  best=1584.6 ns  (149 variants searched)  err=4.71e-16 
[20/183] N=1000  K=4   method=dp+measure factors=5x8x25  codelets=n1/t1s/log3  best=4497.6 ns  (387 variants searched)  err=5.37e-16 
[21/183] N=2000  K=4   method=dp+measure factors=5x16x25  codelets=n1/t1s/log3  best=9423.4 ns  (839 variants searched)  err=5.05e-16 
[22/183] N=5000  K=4   method=dp+measure factors=8x25x25  codelets=n1/t1s/log3  best=26612.2 ns  (258 variants searched)  err=6.05e-16 
[23/183] N=10000 K=4   method=dp+measure factors=16x25x25  codelets=n1/t1s/log3  best=54066.7 ns  (444 variants searched)  err=5.84e-16 
[24/183] N=20000 K=4   method=dp+measure factors=32x25x25  codelets=n1/t1s/log3  best=111965.0 ns  (598 variants searched)  err=5.99e-16 
[25/183] N=50000 K=4   method=dp+measure factors=5x16x25x25  codelets=n1/t1s/t1s/log3  best=390095.0 ns  (585 variants searched)  err=7.96e-16 
[26/183] N=100000 K=4   method=dp+measure factors=16x10x25x25  codelets=n1/t1s/t1s/log3  best=805275.0 ns  (733 variants searched)  err=8.25e-16 
[27/183] N=243   K=4   method=dp+measure factors=3x3x3x3x3  codelets=n1/t1s/t1s/t1s/t1s  best=1640.9 ns  (83 variants searched)  err=7.76e-16 
[28/183] N=625   K=4   method=dp+measure factors=25x25  codelets=n1/log3  best=2169.9 ns  (67 variants searched)  err=4.70e-16 
[29/183] N=2401  K=4   method=dp+measure factors=7x7x7x7  codelets=n1/t1s/t1s/t1s  best=15767.3 ns  (33 variants searched)  err=4.62e-16 
[30/183] N=3125  K=4   method=dp+measure factors=25x25x5  codelets=n1/t1s/t1s  best=15853.2 ns  (80 variants searched)  err=5.31e-16 
[31/183] N=15625 K=4   method=dp+measure factors=25x25x25  codelets=n1/t1s/log3  best=89640.0 ns  (166 variants searched)  err=6.69e-16 
[32/183] N=16807 K=4   method=dp+measure factors=7x7x7x7x7  codelets=n1/t1s/t1s/t1s/t1s  best=139805.0 ns  (88 variants searched)  err=6.36e-16 
[33/183] N=78125 K=4   method=dp+measure factors=25x5x25x25  codelets=n1/t1s/t1s/t1s  best=612575.0 ns  (188 variants searched)  err=7.26e-16 
[34/183] N=117649 K=4   method=dp+measure factors=7x7x7x7x7x7  codelets=n1/t1s/t1s/t1s/t1s/t1s  best=1340115.0 ns  (251 variants searched)  err=8.84e-16 
[35/183] N=390625 K=4   method=dp+measure factors=25x25x25x25  codelets=n1/t1s/t1s/t1s  best=3724055.0 ns  (428 variants searched)  err=7.89e-16 
[36/183] N=823543 K=4   method=dp+measure factors=7x7x7x7x7x7x7  codelets=n1/t1s/t1s/t1s/t1s/t1s/flat  best=15092515.0 ns  (738 variants searched)  err=8.68e-16 
[37/183] N=1331  K=4   method=dp+measure factors=11x11x11  codelets=n1/t1s/log3  best=7895.7 ns  (11 variants searched)  err=4.55e-16 
[38/183] N=14641 K=4   method=dp+measure factors=11x11x11x11  codelets=n1/t1s/t1s/log3  best=122250.0 ns  (33 variants searched)  err=7.26e-16 
[39/183] N=161051 K=4   method=dp+measure factors=11x11x11x11x11  codelets=n1/t1s/t1s/t1s/t1s  best=1852050.0 ns  (88 variants searched)  err=8.80e-16 
[40/183] N=2197  K=4   method=dp+measure factors=13x13x13  codelets=n1/t1s/t1s  best=15546.0 ns  (14 variants searched)  err=5.57e-16 
[41/183] N=28561 K=4   method=dp+measure factors=13x13x13x13  codelets=n1/t1s/t1s/log3  best=277590.0 ns  (33 variants searched)  err=8.79e-16 
  N=127 K=4: MEASURE failed
  N=251 K=4: MEASURE failed
  N=257 K=4: MEASURE failed
  N=401 K=4: MEASURE failed
  N=641 K=4: MEASURE failed
  N=1009 K=4: MEASURE failed
  N=2801 K=4: MEASURE failed
  N=4001 K=4: MEASURE failed
[50/183] N=175   K=4   method=dp+measure factors=25x7  codelets=n1/t1s  best=507.9 ns  (43 variants searched)  err=2.77e-16 
[51/183] N=525   K=4   method=dp+measure factors=25x7x3  codelets=n1/t1s/log3  best=2264.8 ns  (81 variants searched)  err=4.32e-16 
[52/183] N=1225  K=4   method=dp+measure factors=25x7x7  codelets=n1/t1s/t1s  best=5913.7 ns  (99 variants searched)  err=4.37e-16 
[53/183] N=2205  K=4   method=dp+measure factors=3x3x7x7x5  codelets=n1/t1s/t1s/t1s/log3  best=16417.7 ns  (647 variants searched)  err=5.82e-16 
[54/183] N=6615  K=4   method=dp+measure factors=3x3x5x3x7x7  codelets=n1/t1s/t1s/t1s/t1s/t1s  best=58467.6 ns  (1670 variants searched)  err=6.73e-16 
[55/183] N=11025 K=4   method=dp+measure factors=25x3x3x7x7  codelets=n1/t1s/t1s/t1s/t1s  best=85822.7 ns  (720 variants searched)  err=6.27e-16 
[56/183] N=2310  K=4   method=dp+measure factors=5x11x6x7  codelets=n1/t1s/t1s/t1s  best=15143.5 ns  (471 variants searched)  err=5.56e-16 
[57/183] N=6930  K=4   method=dp+measure factors=3x5x6x11x7  codelets=n1/t1s/t1s/t1s/log3  best=56661.1 ns  (1477 variants searched)  err=7.14e-16 
[58/183] N=30030 K=4   method=dp+measure factors=5x6x11x7x13  codelets=n1/t1s/t1s/t1s/log3  best=286710.0 ns  (1641 variants searched)  err=1.17e-15 
[59/183] N=60060 K=4   method=dp+measure factors=5x12x7x11x13  codelets=n1/t1s/t1s/t1s/log3  best=611020.0 ns  (12017 variants searched)  err=9.34e-16 
[60/183] N=4620  K=4   method=dp+measure factors=5x12x7x11  codelets=n1/t1s/t1s/log3  best=30631.5 ns  (2836 variants searched)  err=5.69e-16 
[61/183] N=13860 K=4   method=dp+measure factors=5x3x12x7x11  codelets=n1/t1s/t1s/t1s/t1s  best=111380.0 ns  (11172 variants searched)  err=6.06e-16 
[62/183] N=8     K=32  method=dp+measure factors=8  codelets=n1  DIF  best=41.4 ns  (18 variants searched)  err=1.67e-16 
[63/183] N=16    K=32  method=dp+measure factors=16  codelets=n1  best=101.0 ns  (32 variants searched)  err=1.67e-16 
[64/183] N=32    K=32  method=dp+measure factors=32  codelets=n1  best=251.6 ns  (50 variants searched)  err=2.22e-16 
[65/183] N=64    K=32  method=dp+measure factors=64  codelets=n1  DIF  best=632.2 ns  (80 variants searched)  err=2.78e-16 
[66/183] N=128   K=32  method=dp+measure factors=4x32  codelets=n1/flat  DIF  best=1963.5 ns  (154 variants searched)  err=3.33e-16 
[67/183] N=256   K=32  method=dp+measure factors=4x8x8  codelets=n1/t1s/t1s  best=4977.9 ns  (242 variants searched)  err=3.89e-16 
[68/183] N=512   K=32  method=dp+measure factors=4x4x8x4  codelets=n1/t1s/t1s/t1s  best=12562.3 ns  (396 variants searched)  err=3.89e-16 
============================================================
 new-core calibration: A/B wisdom generator
============================================================
[powercfg] active power plan name matches 'ultimate performance' (non-canonical GUID, accepted by name) — user-managed (--no-powercfg)
[affinity] orchestrator pinned to CPU 2 (mask 0x4); children inherit
[run] C:\Users\Tugbars\Desktop\highSpeedFFT\build_tuned\calibrate_tuned.exe C:\Users\Tugbars\Desktop\highSpeedFFT\build_tuned\vfft_wisdom_tuned.txt C:\Users\Tugbars\Desktop\highSpeedFFT\build_tuned\vfft_wisdom_tuned_codelets.csv 1000 measure
[run] exit 4294967295  elapsed 2917.4s
