  N=127 K=4: MEASURE failed
  N=251 K=4: MEASURE failed
  N=257 K=4: MEASURE failed
  N=401 K=4: MEASURE failed
  N=641 K=4: MEASURE failed
  N=1009 K=4: MEASURE failed
  N=2801 K=4: MEASURE failed
  N=4001 K=4: MEASURE failed
  N=127 K=32: MEASURE failed
  N=251 K=32: MEASURE failed
  N=257 K=32: MEASURE failed
  N=401 K=32: MEASURE failed
  N=641 K=32: MEASURE failed
  N=1009 K=32: MEASURE failed
  N=2801 K=32: MEASURE failed
  N=4001 K=32: MEASURE failed
=== calibrate_tuned: new-core wisdom generator ===
output : C:\Users\Tugbars\Desktop\highSpeedFFT\build_tuned\vfft_wisdom_tuned.txt
info   : C:\Users\Tugbars\Desktop\highSpeedFFT\build_tuned\vfft_wisdom_tuned_codelets.csv
pacing : 1000 ms between cells
mode   : measure (DP + variant cartesian)
loaded : 92 existing entries from C:\Users\Tugbars\Desktop\highSpeedFFT\build_tuned\vfft_wisdom_tuned.txt
[17/183] N=20000 K=32  method=dp+measure     factors=32x5x25x5  codelets=n1/t1s/t1s/t1s  best=1134165.0 ns  (584 variants searched)  err=6.04e-16 
[18/183] N=28561 K=32  method=dp+measure     factors=13x13x13x13  codelets=n1/t1s/t1s/t1s  best=2059660.0 ns  (33 variants searched)  err=7.95e-16 
[19/183] N=30030 K=32  method=dp+measure     factors=13x10x7x3x11  codelets=n1/t1s/t1s/t1s/t1s  best=2063025.0 ns  (1641 variants searched)  err=8.49e-16 
[20/183] N=32768 K=32  method=dp+measure     factors=4x4x4x4x4x4x4x2  codelets=n1/t1s/t1s/t1s/t1s/t1s/t1s/flat  best=2776800.0 ns  (5349 variants searched)  err=6.28e-16 
[21/183] N=50000 K=32  method=dp+measure     factors=10x10x10x5x10  codelets=n1/t1s/t1s/t1s/t1s  best=3001270.0 ns  (845 variants searched)  err=8.02e-16 
[22/183] N=60060 K=32  method=dp+measure     factors=11x7x10x6x13  codelets=n1/t1s/t1s/t1s/t1s  best=4741425.0 ns  (2191 variants searched)  err=9.45e-16 
[23/183] N=65536 K=32  method=dp+measure     factors=16x4x4x4x16x4  codelets=n1/t1s/t1s/t1s/t1s/flat  best=7640645.0 ns  (3043 variants searched)  err=8.33e-16 
============================================================
 new-core calibration: A/B wisdom generator
============================================================
[powercfg] active power plan name matches 'ultimate performance' (non-canonical GUID, accepted by name) — user-managed (--no-powercfg)
[affinity] orchestrator pinned to CPU 2 (mask 0x4); children inherit
[run] C:\Users\Tugbars\Desktop\highSpeedFFT\build_tuned\calibrate_tuned.exe C:\Users\Tugbars\Desktop\highSpeedFFT\build_tuned\vfft_wisdom_tuned.txt C:\Users\Tugbars\Desktop\highSpeedFFT\build_tuned\vfft_wisdom_tuned_codelets.csv 1000 measure
[run] exit 4294967295  elapsed 1101.4s
