  N=127 K=4: MEASURE failed
  N=251 K=4: MEASURE failed
  N=257 K=4: MEASURE failed
  N=401 K=4: MEASURE failed
  N=641 K=4: MEASURE failed
  N=1009 K=4: MEASURE failed
  N=2801 K=4: MEASURE failed
  N=4001 K=4: MEASURE failed
  N=127 K=32: MEASURE failed
  N=251 K=32: MEASURE failed
  N=257 K=32: MEASURE failed
  N=401 K=32: MEASURE failed
  N=641 K=32: MEASURE failed
  N=1009 K=32: MEASURE failed
  N=2801 K=32: MEASURE failed
  N=4001 K=32: MEASURE failed
=== calibrate_tuned: new-core wisdom generator ===
output : C:\Users\Tugbars\Desktop\highSpeedFFT\build_tuned\vfft_wisdom_tuned.txt
info   : C:\Users\Tugbars\Desktop\highSpeedFFT\build_tuned\vfft_wisdom_tuned_codelets.csv
pacing : 1000 ms between cells
mode   : measure (DP + variant cartesian)
loaded : 99 existing entries from C:\Users\Tugbars\Desktop\highSpeedFFT\build_tuned\vfft_wisdom_tuned.txt
[17/183] N=78125 K=32  method=dp+measure     factors=25x25x5x25  codelets=n1/t1s/t1s/t1s  best=6928360.0 ns  (200 variants searched)  err=7.82e-16 
[18/183] N=100000 K=32  method=dp+measure     factors=5x8x5x20x25  codelets=n1/flat/flat/t1s/t1s  best=10293685.0 ns  (1104 variants searched)  err=8.81e-16 
[19/183] N=117649 K=32  method=dp+measure     factors=7x7x7x7x7x7  codelets=n1/t1s/t1s/t1s/t1s/t1s  best=15435995.0 ns  (251 variants searched)  err=9.14e-16 
[20/183] N=131072 K=32  method=dp+measure     factors=16x4x4x4x4x4x8  codelets=n1/t1s/t1s/t1s/t1s/t1s/flat  best=20218745.0 ns  (5137 variants searched)  err=7.22e-16 
[21/183] N=161051 K=32  method=dp+measure     factors=11x11x11x11x11  codelets=n1/t1s/t1s/t1s/t1s  best=18886770.0 ns  (88 variants searched)  err=9.48e-16 
[22/183] N=390625 K=32  method=dp+measure     factors=25x25x25x25  codelets=n1/t1s/t1s/t1s  best=43604685.0 ns  (428 variants searched)  err=8.76e-16 
[23/183] N=823543 K=32  method=dp+measure     factors=7x7x7x7x7x7x7  codelets=n1/t1s/t1s/t1s/flat/t1s/flat  best=153569715.0 ns  (738 variants searched)  err=9.27e-16 
[24/183] N=8     K=256 method=dp+measure     factors=8  codelets=n1  best=334.0 ns  (18 variants searched)  err=1.67e-16 
[25/183] N=16    K=256 method=dp+measure     factors=4x4  codelets=n1/t1s  best=1045.1 ns  (34 variants searched)  err=1.67e-16 
[26/183] N=32    K=256 method=dp+measure     factors=4x8  codelets=n1/t1s  best=2963.9 ns  (58 variants searched)  err=2.78e-16 
[27/183] N=60    K=256 method=dp+measure     factors=4x3x5  codelets=n1/t1s/t1s  best=8344.6 ns  (111 variants searched)  err=3.29e-16 
[28/183] N=64    K=256 method=dp+measure     factors=4x4x4  codelets=n1/t1s/t1s  best=8439.3 ns  (94 variants searched)  err=2.78e-16 
[29/183] N=100   K=256 method=dp+measure     factors=5x4x5  codelets=n1/t1s/t1s  best=14117.9 ns  (91 variants searched)  err=3.83e-16 
  N=127 K=256: MEASURE failed
[31/183] N=128   K=256 method=dp+measure     factors=4x4x8  codelets=n1/t1s/t1s  best=18020.0 ns  (176 variants searched)  err=3.89e-16 
[32/183] N=175   K=256 method=dp+measure     factors=5x5x7  codelets=n1/t1s/t1s  best=35709.1 ns  (43 variants searched)  err=4.46e-16 
[33/183] N=200   K=256 method=dp+measure     factors=5x8x5  codelets=n1/t1s/t1s  best=30855.0 ns  (177 variants searched)  err=4.80e-16 
[34/183] N=243   K=256 method=dp+measure     factors=3x3x3x3x3  codelets=n1/t1s/t1s/t1s/t1s  best=54105.0 ns  (83 variants searched)  err=9.19e-16 
  N=251 K=256: MEASURE failed
[36/183] N=256   K=256 method=dp+measure     factors=4x4x4x4  codelets=n1/t1s/t1s/t1s  best=45400.0 ns  (296 variants searched)  err=3.89e-16 
  N=257 K=256: MEASURE failed
  N=401 K=256: MEASURE failed
[39/183] N=500   K=256 method=dp+measure     factors=5x5x4x5  codelets=n1/t1s/t1s/t1s  best=102980.0 ns  (251 variants searched)  err=5.09e-16 
[40/183] N=512   K=256 method=dp+measure     factors=4x4x4x8  codelets=n1/t1s/t1s/t1s  best=97685.0 ns  (504 variants searched)  err=4.44e-16 
[41/183] N=525   K=256 method=dp+measure     factors=5x3x5x7  codelets=n1/t1s/t1s/t1s  best=132945.0 ns  (171 variants searched)  err=5.31e-16 
[42/183] N=625   K=256 method=dp+measure     factors=5x5x5x5  codelets=n1/t1s/t1s/t1s  best=178980.0 ns  (67 variants searched)  err=5.68e-16 
  N=641 K=256: MEASURE failed
[44/183] N=1000  K=256 method=dp+measure     factors=8x5x5x5  codelets=n1/t1s/t1s/t1s  best=327340.0 ns  (477 variants searched)  err=5.46e-16 
  N=1009 K=256: MEASURE failed
[46/183] N=1024  K=256 method=dp+measure     factors=4x4x4x4x4  codelets=n1/t1s/t1s/t1s/t1s  best=412765.0 ns  (720 variants searched)  err=5.00e-16 
[47/183] N=1225  K=256 method=dp+measure     factors=5x7x5x7  codelets=n1/t1s/t1s/t1s  best=489140.0 ns  (153 variants searched)  err=5.74e-16 
[48/183] N=1331  K=256 method=dp+measure     factors=11x11x11  codelets=n1/t1s/t1s  best=708715.0 ns  (11 variants searched)  err=5.46e-16 
[49/183] N=2000  K=256 method=dp+measure     factors=5x4x4x5x5  codelets=n1/t1s/t1s/t1s/t1s  best=815670.0 ns  (1193 variants searched)  err=7.09e-16 
[50/183] N=2048  K=256 method=dp+measure     factors=4x4x4x4x8  codelets=n1/t1s/t1s/t1s/t1s  best=845765.0 ns  (900 variants searched)  err=5.55e-16 
[51/183] N=2197  K=256 method=dp+measure     factors=13x13x13  codelets=n1/t1s/log3  best=1900005.0 ns  (14 variants searched)  err=8.06e-16 
[52/183] N=2205  K=256 method=dp+measure     factors=3x7x5x7x3  codelets=n1/t1s/t1s/t1s/t1s  best=1067210.0 ns  (647 variants searched)  err=6.46e-16 
[53/183] N=2310  K=256 method=dp+measure     factors=5x6x7x11  codelets=n1/t1s/t1s/t1s  best=1121945.0 ns  (471 variants searched)  err=6.82e-16 
[54/183] N=2401  K=256 method=dp+measure     factors=7x7x7x7  codelets=n1/t1s/t1s/t1s  best=1166920.0 ns  (33 variants searched)  err=5.94e-16 
  N=2801 K=256: MEASURE failed
[56/183] N=3125  K=256 method=dp+measure     factors=5x5x5x5x5  codelets=n1/t1s/t1s/t1s/t1s  best=1280285.0 ns  (224 variants searched)  err=7.33e-16 
  N=4001 K=256: MEASURE failed
[58/183] N=4096  K=256 method=dp+measure     factors=2x4x2x4x4x4x4  codelets=n1/t1s/flat/t1s/t1s/t1s/t1s  best=2226600.0 ns  (1325 variants searched)  err=6.11e-16 
[59/183] N=4620  K=256 method=dp+measure     factors=12x7x5x11  codelets=n1/t1s/t1s/t1s  best=2828140.0 ns  (705 variants searched)  err=7.62e-16 
[60/183] N=5000  K=256 method=dp+measure     factors=8x5x5x5x5  codelets=n1/t1s/t1s/t1s/t1s  best=2292040.0 ns  (618 variants searched)  err=6.75e-16 
[61/183] N=6615  K=256 method=dp+measure     factors=5x7x7x3x3x3  codelets=n1/t1s/t1s/t1s/t1s/t1s  best=3997755.0 ns  (1670 variants searched)  err=7.91e-16 
[62/183] N=6930  K=256 method=dp+measure     factors=6x11x7x3x5  codelets=n1/t1s/t1s/t1s/t1s  best=4288535.0 ns  (1477 variants searched)  err=8.14e-16 
[63/183] N=8192  K=256 method=dp+measure     factors=4x4x4x16x8  codelets=n1/t1s/flat/t1s/t1s  best=6960905.0 ns  (1273 variants searched)  err=6.66e-16 
============================================================
 new-core calibration: A/B wisdom generator
============================================================
[powercfg] active power plan name matches 'ultimate performance' (non-canonical GUID, accepted by name) — user-managed (--no-powercfg)
[affinity] orchestrator pinned to CPU 2 (mask 0x4); children inherit
[run] C:\Users\Tugbars\Desktop\highSpeedFFT\build_tuned\calibrate_tuned.exe C:\Users\Tugbars\Desktop\highSpeedFFT\build_tuned\vfft_wisdom_tuned.txt C:\Users\Tugbars\Desktop\highSpeedFFT\build_tuned\vfft_wisdom_tuned_codelets.csv 1000 measure
[run] exit 4294967295  elapsed 4425.7s
